Using pre-set license
Built from '2021.3/staging' branch; Version is '2021.3.1f1 (3b70a0754835) revision 3895456'; Using compiler version '192829333'; Build Type 'Release'
OS: 'Windows 10  (10.0.19043) 64bit Core' Language: 'ko' Physical Memory: 32677 MB
BatchMode: 1, IsHumanControllingUs: 0, StartBugReporterOnCrash: 0, Is64bit: 1, IsPro: 1

COMMAND LINE ARGUMENTS:
C:\Program Files\Unity\Hub\Editor\2021.3.1f1\Editor\Unity.exe
-adb2
-batchMode
-noUpm
-name
AssetImportWorker0
-projectPath
D:/EduProject/My project (1)
-logFile
Logs/AssetImportWorker0.log
-srvPort
53009
Successfully changed project path to: D:/EduProject/My project (1)
D:/EduProject/My project (1)
[UnityMemory] Configuration Parameters - Can be set up in boot.config
    "memorysetup-bucket-allocator-granularity=16"
    "memorysetup-bucket-allocator-bucket-count=8"
    "memorysetup-bucket-allocator-block-size=33554432"
    "memorysetup-bucket-allocator-block-count=8"
    "memorysetup-main-allocator-block-size=16777216"
    "memorysetup-thread-allocator-block-size=16777216"
    "memorysetup-gfx-main-allocator-block-size=16777216"
    "memorysetup-gfx-thread-allocator-block-size=16777216"
    "memorysetup-cache-allocator-block-size=4194304"
    "memorysetup-typetree-allocator-block-size=2097152"
    "memorysetup-profiler-bucket-allocator-granularity=16"
    "memorysetup-profiler-bucket-allocator-bucket-count=8"
    "memorysetup-profiler-bucket-allocator-block-size=33554432"
    "memorysetup-profiler-bucket-allocator-block-count=8"
    "memorysetup-profiler-allocator-block-size=16777216"
    "memorysetup-profiler-editor-allocator-block-size=1048576"
    "memorysetup-temp-allocator-size-main=16777216"
    "memorysetup-job-temp-allocator-block-size=2097152"
    "memorysetup-job-temp-allocator-block-size-background=1048576"
    "memorysetup-job-temp-allocator-reduction-small-platforms=262144"
    "memorysetup-temp-allocator-size-background-worker=32768"
    "memorysetup-temp-allocator-size-job-worker=262144"
    "memorysetup-temp-allocator-size-preload-manager=33554432"
    "memorysetup-temp-allocator-size-nav-mesh-worker=65536"
    "memorysetup-temp-allocator-size-audio-worker=65536"
    "memorysetup-temp-allocator-size-cloud-worker=32768"
    "memorysetup-temp-allocator-size-gi-baking-worker=262144"
    "memorysetup-temp-allocator-size-gfx=262144"
Refreshing native plugins compatible for Editor in 203.36 ms, found 3 plugins.
Preloading 0 native plugins for Editor in 0.00 ms.
Initialize engine version: 2021.3.1f1 (3b70a0754835)
[Subsystems] Discovering subsystems at path C:/Program Files/Unity/Hub/Editor/2021.3.1f1/Editor/Data/Resources/UnitySubsystems
[Subsystems] Discovering subsystems at path D:/EduProject/My project (1)/Assets
GfxDevice: creating device client; threaded=0; jobified=0
Direct3D:
    Version:  Direct3D 11.0 [level 11.1]
    Renderer: NVIDIA GeForce RTX 2070 SUPER (ID=0x1e84)
    Vendor:   NVIDIA
    VRAM:     8011 MB
    Driver:   30.0.14.9729
Initialize mono
Mono path[0] = 'C:/Program Files/Unity/Hub/Editor/2021.3.1f1/Editor/Data/Managed'
Mono path[1] = 'C:/Program Files/Unity/Hub/Editor/2021.3.1f1/Editor/Data/MonoBleedingEdge/lib/mono/unityjit-win32'
Mono config path = 'C:/Program Files/Unity/Hub/Editor/2021.3.1f1/Editor/Data/MonoBleedingEdge/etc'
Using monoOptions --debugger-agent=transport=dt_socket,embedding=1,server=y,suspend=n,address=127.0.0.1:56868
Begin MonoManager ReloadAssembly
Registering precompiled unity dll's ...
Register platform support module: C:/Program Files/Unity/Hub/Editor/2021.3.1f1/Editor/Data/PlaybackEngines/WindowsStandaloneSupport/UnityEditor.WindowsStandalone.Extensions.dll
Registered in 0.023955 seconds.
Native extension for WindowsStandalone target not found
Refreshing native plugins compatible for Editor in 229.44 ms, found 3 plugins.
Preloading 0 native plugins for Editor in 0.00 ms.
Mono: successfully reloaded assembly
- Completed reload, in  1.617 seconds
Domain Reload Profiling:
	ReloadAssembly (1617ms)
		BeginReloadAssembly (219ms)
			ExecutionOrderSort (0ms)
			DisableScriptedObjects (0ms)
			BackupInstance (0ms)
			ReleaseScriptingObjects (0ms)
			CreateAndSetChildDomain (1ms)
		EndReloadAssembly (1101ms)
			LoadAssemblies (215ms)
			RebuildTransferFunctionScriptingTraits (0ms)
			SetupTypeCache (213ms)
			ReleaseScriptCaches (0ms)
			RebuildScriptCaches (64ms)
			SetupLoadedEditorAssemblies (690ms)
				LogAssemblyErrors (0ms)
				InitializePlatformSupportModulesInManaged (17ms)
				SetLoadedEditorAssemblies (2ms)
				RefreshPlugins (230ms)
				BeforeProcessingInitializeOnLoad (2ms)
				ProcessInitializeOnLoadAttributes (316ms)
				ProcessInitializeOnLoadMethodAttributes (124ms)
				AfterProcessingInitializeOnLoad (0ms)
				EditorAssembliesLoaded (0ms)
			ExecutionOrderSort2 (0ms)
			AwakeInstancesAfterBackupRestoration (0ms)
Platform modules already initialized, skipping
Registering precompiled user dll's ...
Registered in 0.009135 seconds.
Begin MonoManager ReloadAssembly
Symbol file LoadedFromMemory doesn't match image D:\EduProject\My project (1)\Library\PackageCache\com.unity.visualscripting@1.7.6\Editor\VisualScripting.Core\Dependencies\YamlDotNet\Unity.VisualScripting.YamlDotNet.dll
Symbol file LoadedFromMemory is not a mono symbol file
Symbol file LoadedFromMemory doesn't match image D:\EduProject\My project (1)\Library\PackageCache\com.unity.visualscripting@1.7.6\Editor\VisualScripting.Core\Dependencies\DotNetZip\Unity.VisualScripting.IonicZip.dll
Native extension for WindowsStandalone target not found
Refreshing native plugins compatible for Editor in 0.59 ms, found 3 plugins.
Preloading 0 native plugins for Editor in 0.00 ms.
Mono: successfully reloaded assembly
- Completed reload, in  2.412 seconds
Domain Reload Profiling:
	ReloadAssembly (2416ms)
		BeginReloadAssembly (284ms)
			ExecutionOrderSort (0ms)
			DisableScriptedObjects (13ms)
			BackupInstance (0ms)
			ReleaseScriptingObjects (0ms)
			CreateAndSetChildDomain (44ms)
		EndReloadAssembly (1835ms)
			LoadAssemblies (234ms)
			RebuildTransferFunctionScriptingTraits (0ms)
			SetupTypeCache (645ms)
			ReleaseScriptCaches (1ms)
			RebuildScriptCaches (140ms)
			SetupLoadedEditorAssemblies (708ms)
				LogAssemblyErrors (0ms)
				InitializePlatformSupportModulesInManaged (14ms)
				SetLoadedEditorAssemblies (0ms)
				RefreshPlugins (1ms)
				BeforeProcessingInitializeOnLoad (161ms)
				ProcessInitializeOnLoadAttributes (458ms)
				ProcessInitializeOnLoadMethodAttributes (55ms)
				AfterProcessingInitializeOnLoad (18ms)
				EditorAssembliesLoaded (1ms)
			ExecutionOrderSort2 (0ms)
			AwakeInstancesAfterBackupRestoration (26ms)
Platform modules already initialized, skipping
========================================================================
Worker process is ready to serve import requests
Launched and connected shader compiler UnityShaderCompiler.exe after 0.12 seconds
Refreshing native plugins compatible for Editor in 0.70 ms, found 3 plugins.
Preloading 0 native plugins for Editor in 0.00 ms.
Unloading 3469 Unused Serialized files (Serialized files now loaded: 0)
Unloading 23 unused Assets / (112.3 KB). Loaded Objects now: 3935.
Memory consumption went from 120.8 MB to 120.7 MB.
Total: 6.913100 ms (FindLiveObjects: 0.570000 ms CreateObjectMapping: 0.707800 ms MarkObjects: 5.465300 ms  DeleteObjects: 0.168300 ms)

AssetImportParameters requested are different than current active one (requested -> active):
  custom:video-decoder-ogg-theora: a1e56fd34408186e4bbccfd4996cb3dc -> 
  custom:container-muxer-webm: aa71ff27fc2769a1b78a27578f13a17b -> 
  custom:container-demuxer-webm: 4f35f7cbe854078d1ac9338744f61a02 -> 
  custom:video-encoder-webm-vp8: eb34c28f22e8b96e1ab97ce403110664 -> 
  custom:audio-encoder-webm-vorbis: bf7c407c2cedff20999df2af8eb42d56 -> 
  custom:framework-win-MediaFoundation: 216162199b28c13a410421893ffa2e32 -> 
  custom:container-demuxer-ogg: 62fdf1f143b41e24485cea50d1cbac27 -> 
  custom:video-decoder-webm-vp8: 9c59270c3fd7afecdb556c50c9e8de78 -> 
  custom:audio-decoder-ogg-vorbis: bf7c407c2cedff20999df2af8eb42d56 -> 
========================================================================
Received Import Request.
  Time since last request: 340438.837344 seconds.
  path: Assets/Asset/Animations/Straight Sword Animation Set/Animations/Straight_Sword_Anim_1.0_Locomotion.fbx
  artifactKey: Guid(10bf55ddc5b1f20408e7fa0a8e93ae40) Importer(815301076,1909f56bfc062723c751e8b465ee728b)
Start importing Assets/Asset/Animations/Straight Sword Animation Set/Animations/Straight_Sword_Anim_1.0_Locomotion.fbx using Guid(10bf55ddc5b1f20408e7fa0a8e93ae40) Importer(815301076,1909f56bfc062723c751e8b465ee728b)  -> (artifact id: '862e7aebc91f3656a5ca7df2a2c8298a') in 0.619834 seconds 
========================================================================
Received Import Request.
  Time since last request: 0.000025 seconds.
  path: Assets/Asset/Animations/Straight Sword Animation Set/Animations/Straight_Sword_Anim_1.1_Block_Roll_Death_Equip.fbx
  artifactKey: Guid(10f56734873d7864fa1f56282cce6fa6) Importer(815301076,1909f56bfc062723c751e8b465ee728b)
Start importing Assets/Asset/Animations/Straight Sword Animation Set/Animations/Straight_Sword_Anim_1.1_Block_Roll_Death_Equip.fbx using Guid(10f56734873d7864fa1f56282cce6fa6) Importer(815301076,1909f56bfc062723c751e8b465ee728b)  -> (artifact id: 'd52e61e527f7a2b272a90b78c26466f8') in 0.078193 seconds 
========================================================================
Received Import Request.
  Time since last request: 69.175997 seconds.
  path: Assets/Asset/Animations/Straight Sword Animation Set/Demo/Scenes/Test_Scene_01.unity
  artifactKey: Guid(11bbe59e67195694b9bdbc658a3e42e1) Importer(815301076,1909f56bfc062723c751e8b465ee728b)
Start importing Assets/Asset/Animations/Straight Sword Animation Set/Demo/Scenes/Test_Scene_01.unity using Guid(11bbe59e67195694b9bdbc658a3e42e1) Importer(815301076,1909f56bfc062723c751e8b465ee728b)  -> (artifact id: 'ffece966f49111e313a8d73bb6b8cc4f') in 0.039766 seconds 
========================================================================
Received Import Request.
  Time since last request: 21.907958 seconds.
  path: Assets/Asset/Animations/Straight Sword Animation Set/Demo/Scripts
  artifactKey: Guid(7146f7940be496f4496131168ac115b4) Importer(815301076,1909f56bfc062723c751e8b465ee728b)
Start importing Assets/Asset/Animations/Straight Sword Animation Set/Demo/Scripts using Guid(7146f7940be496f4496131168ac115b4) Importer(815301076,1909f56bfc062723c751e8b465ee728b)  -> (artifact id: '7ab7b88cfb4739ad79e5bc129b0ea60d') in 0.007315 seconds 
========================================================================
Received Import Request.
  Time since last request: 0.863483 seconds.
  path: Assets/Asset/Animations/Straight Sword Animation Set/Demo/Scripts/StraightSwordControllerDemoScript.cs
  artifactKey: Guid(39aa9e96328017148a3ace6043209747) Importer(815301076,1909f56bfc062723c751e8b465ee728b)
Start importing Assets/Asset/Animations/Straight Sword Animation Set/Demo/Scripts/StraightSwordControllerDemoScript.cs using Guid(39aa9e96328017148a3ace6043209747) Importer(815301076,1909f56bfc062723c751e8b465ee728b)  -> (artifact id: 'ae13b7d8eb32b4b2a99d02764eb0ab2d') in 0.034650 seconds 
========================================================================
Received Import Request.
  Time since last request: 0.244717 seconds.
  path: Assets/Asset/Animations/Straight Sword Animation Set/Demo/Scripts/ResetAnimatorBool.cs
  artifactKey: Guid(8d75a7447a605334184a2fd6ebfb6262) Importer(815301076,1909f56bfc062723c751e8b465ee728b)
Start importing Assets/Asset/Animations/Straight Sword Animation Set/Demo/Scripts/ResetAnimatorBool.cs using Guid(8d75a7447a605334184a2fd6ebfb6262) Importer(815301076,1909f56bfc062723c751e8b465ee728b)  -> (artifact id: 'd0e8dd660d5da00d09bbab2044a02b1b') in 0.012655 seconds 
========================================================================
Received Import Request.
  Time since last request: 0.812349 seconds.
  path: Assets/Asset/Animations/Straight Sword Animation Set/Demo/Textures
  artifactKey: Guid(9ff5ddb0d5af37f489396f8e67e1f743) Importer(815301076,1909f56bfc062723c751e8b465ee728b)
Start importing Assets/Asset/Animations/Straight Sword Animation Set/Demo/Textures using Guid(9ff5ddb0d5af37f489396f8e67e1f743) Importer(815301076,1909f56bfc062723c751e8b465ee728b)  -> (artifact id: '4fb7e0f836fcdd57cadc73519aa244dd') in 0.049025 seconds 
========================================================================
Received Import Request.
  Time since last request: 0.842948 seconds.
  path: Assets/Asset/Animations/Straight Sword Animation Set/Demo/Textures/Grid_01.png
  artifactKey: Guid(e8dd1ac2eded11644816f3630529917d) Importer(815301076,1909f56bfc062723c751e8b465ee728b)
Start importing Assets/Asset/Animations/Straight Sword Animation Set/Demo/Textures/Grid_01.png using Guid(e8dd1ac2eded11644816f3630529917d) Importer(815301076,1909f56bfc062723c751e8b465ee728b)  -> (artifact id: 'a4f595dd0b413e85a42d42c07eab37c6') in 0.127126 seconds 
========================================================================
Received Prepare
Registering precompiled user dll's ...
Registered in 0.004742 seconds.
Begin MonoManager ReloadAssembly
Symbol file LoadedFromMemory doesn't match image D:\EduProject\My project (1)\Library\PackageCache\com.unity.visualscripting@1.7.6\Editor\VisualScripting.Core\Dependencies\YamlDotNet\Unity.VisualScripting.YamlDotNet.dll
Symbol file LoadedFromMemory is not a mono symbol file
Symbol file LoadedFromMemory doesn't match image D:\EduProject\My project (1)\Library\PackageCache\com.unity.visualscripting@1.7.6\Editor\VisualScripting.Core\Dependencies\DotNetZip\Unity.VisualScripting.IonicZip.dll
Native extension for WindowsStandalone target not found
Refreshing native plugins compatible for Editor in 1.02 ms, found 3 plugins.
Preloading 0 native plugins for Editor in 0.00 ms.
Mono: successfully reloaded assembly
- Completed reload, in  5.038 seconds
Domain Reload Profiling:
	ReloadAssembly (5039ms)
		BeginReloadAssembly (778ms)
			ExecutionOrderSort (0ms)
			DisableScriptedObjects (14ms)
			BackupInstance (0ms)
			ReleaseScriptingObjects (0ms)
			CreateAndSetChildDomain (160ms)
		EndReloadAssembly (3684ms)
			LoadAssemblies (566ms)
			RebuildTransferFunctionScriptingTraits (0ms)
			SetupTypeCache (1284ms)
			ReleaseScriptCaches (4ms)
			RebuildScriptCaches (208ms)
			SetupLoadedEditorAssemblies (1491ms)
				LogAssemblyErrors (0ms)
				InitializePlatformSupportModulesInManaged (83ms)
				SetLoadedEditorAssemblies (1ms)
				RefreshPlugins (1ms)
				BeforeProcessingInitializeOnLoad (323ms)
				ProcessInitializeOnLoadAttributes (906ms)
				ProcessInitializeOnLoadMethodAttributes (113ms)
				AfterProcessingInitializeOnLoad (64ms)
				EditorAssembliesLoaded (0ms)
			ExecutionOrderSort2 (0ms)
			AwakeInstancesAfterBackupRestoration (53ms)
Platform modules already initialized, skipping
Refreshing native plugins compatible for Editor in 3.15 ms, found 3 plugins.
Preloading 0 native plugins for Editor in 0.00 ms.
Unloading 3464 Unused Serialized files (Serialized files now loaded: 0)
Unloading 16 unused Assets / (79.3 KB). Loaded Objects now: 3982.
Memory consumption went from 138.0 MB to 137.9 MB.
Total: 17.317600 ms (FindLiveObjects: 0.652300 ms CreateObjectMapping: 1.234600 ms MarkObjects: 15.337800 ms  DeleteObjects: 0.091500 ms)

AssetImportParameters requested are different than current active one (requested -> active):
  custom:video-decoder-ogg-theora: a1e56fd34408186e4bbccfd4996cb3dc -> 
  custom:container-muxer-webm: aa71ff27fc2769a1b78a27578f13a17b -> 
  custom:container-demuxer-webm: 4f35f7cbe854078d1ac9338744f61a02 -> 
  custom:video-encoder-webm-vp8: eb34c28f22e8b96e1ab97ce403110664 -> 
  custom:audio-encoder-webm-vorbis: bf7c407c2cedff20999df2af8eb42d56 -> 
  custom:framework-win-MediaFoundation: 216162199b28c13a410421893ffa2e32 -> 
  custom:container-demuxer-ogg: 62fdf1f143b41e24485cea50d1cbac27 -> 
  custom:video-decoder-webm-vp8: 9c59270c3fd7afecdb556c50c9e8de78 -> 
  custom:audio-decoder-ogg-vorbis: bf7c407c2cedff20999df2af8eb42d56 -> 
========================================================================
Received Prepare
Registering precompiled user dll's ...
Registered in 0.009715 seconds.
Begin MonoManager ReloadAssembly
Symbol file LoadedFromMemory doesn't match image D:\EduProject\My project (1)\Library\PackageCache\com.unity.visualscripting@1.7.6\Editor\VisualScripting.Core\Dependencies\YamlDotNet\Unity.VisualScripting.YamlDotNet.dll
Symbol file LoadedFromMemory is not a mono symbol file
Symbol file LoadedFromMemory doesn't match image D:\EduProject\My project (1)\Library\PackageCache\com.unity.visualscripting@1.7.6\Editor\VisualScripting.Core\Dependencies\DotNetZip\Unity.VisualScripting.IonicZip.dll
Native extension for WindowsStandalone target not found
Refreshing native plugins compatible for Editor in 1.28 ms, found 3 plugins.
Preloading 0 native plugins for Editor in 0.00 ms.
Mono: successfully reloaded assembly
- Completed reload, in  4.797 seconds
Domain Reload Profiling:
	ReloadAssembly (4807ms)
		BeginReloadAssembly (695ms)
			ExecutionOrderSort (1ms)
			DisableScriptedObjects (19ms)
			BackupInstance (0ms)
			ReleaseScriptingObjects (0ms)
			CreateAndSetChildDomain (146ms)
		EndReloadAssembly (3641ms)
			LoadAssemblies (514ms)
			RebuildTransferFunctionScriptingTraits (0ms)
			SetupTypeCache (1397ms)
			ReleaseScriptCaches (9ms)
			RebuildScriptCaches (184ms)
			SetupLoadedEditorAssemblies (1419ms)
				LogAssemblyErrors (0ms)
				InitializePlatformSupportModulesInManaged (55ms)
				SetLoadedEditorAssemblies (2ms)
				RefreshPlugins (4ms)
				BeforeProcessingInitializeOnLoad (288ms)
				ProcessInitializeOnLoadAttributes (902ms)
				ProcessInitializeOnLoadMethodAttributes (114ms)
				AfterProcessingInitializeOnLoad (54ms)
				EditorAssembliesLoaded (0ms)
			ExecutionOrderSort2 (0ms)
			AwakeInstancesAfterBackupRestoration (60ms)
Platform modules already initialized, skipping
Refreshing native plugins compatible for Editor in 5.15 ms, found 3 plugins.
Preloading 0 native plugins for Editor in 0.00 ms.
Unloading 3464 Unused Serialized files (Serialized files now loaded: 0)
Unloading 16 unused Assets / (79.3 KB). Loaded Objects now: 3985.
Memory consumption went from 138.0 MB to 138.0 MB.
Total: 7.772400 ms (FindLiveObjects: 0.419000 ms CreateObjectMapping: 0.304700 ms MarkObjects: 6.912000 ms  DeleteObjects: 0.135400 ms)

AssetImportParameters requested are different than current active one (requested -> active):
  custom:video-decoder-ogg-theora: a1e56fd34408186e4bbccfd4996cb3dc -> 
  custom:container-muxer-webm: aa71ff27fc2769a1b78a27578f13a17b -> 
  custom:container-demuxer-webm: 4f35f7cbe854078d1ac9338744f61a02 -> 
  custom:video-encoder-webm-vp8: eb34c28f22e8b96e1ab97ce403110664 -> 
  custom:audio-encoder-webm-vorbis: bf7c407c2cedff20999df2af8eb42d56 -> 
  custom:framework-win-MediaFoundation: 216162199b28c13a410421893ffa2e32 -> 
  custom:container-demuxer-ogg: 62fdf1f143b41e24485cea50d1cbac27 -> 
  custom:video-decoder-webm-vp8: 9c59270c3fd7afecdb556c50c9e8de78 -> 
  custom:audio-decoder-ogg-vorbis: bf7c407c2cedff20999df2af8eb42d56 -> 
========================================================================
Received Import Request.
  Time since last request: 243.940795 seconds.
  path: Assets/Asset/Animations/Straight Sword Animation Set/Demo
  artifactKey: Guid(df2495b741826ef42bdff5698432ec5a) Importer(815301076,1909f56bfc062723c751e8b465ee728b)
Start importing Assets/Asset/Animations/Straight Sword Animation Set/Demo using Guid(df2495b741826ef42bdff5698432ec5a) Importer(815301076,1909f56bfc062723c751e8b465ee728b)  -> (artifact id: 'a1888c2f9182b34dda153abb7dd4fba0') in 0.009682 seconds 
========================================================================
Received Import Request.
  Time since last request: 5.207933 seconds.
  path: Assets/Asset/Animations/Straight Sword Animation Set/Demo/Lighting
  artifactKey: Guid(57ed3f0757480444681c05d0a66b0748) Importer(815301076,1909f56bfc062723c751e8b465ee728b)
Start importing Assets/Asset/Animations/Straight Sword Animation Set/Demo/Lighting using Guid(57ed3f0757480444681c05d0a66b0748) Importer(815301076,1909f56bfc062723c751e8b465ee728b)  -> (artifact id: 'c5f7431ecc8b23db7d6f723f890506e3') in 0.010292 seconds 
========================================================================
Received Import Request.
  Time since last request: 3.042478 seconds.
  path: Assets/Asset/Animations/Straight Sword Animation Set/Demo/Materials
  artifactKey: Guid(e9d0b1c28b3763b41b5cc51362c26deb) Importer(815301076,1909f56bfc062723c751e8b465ee728b)
Start importing Assets/Asset/Animations/Straight Sword Animation Set/Demo/Materials using Guid(e9d0b1c28b3763b41b5cc51362c26deb) Importer(815301076,1909f56bfc062723c751e8b465ee728b)  -> (artifact id: 'e82c8cfd29ec79c4240aa12ecf06430e') in 0.005132 seconds 
========================================================================
Received Import Request.
  Time since last request: 3.131239 seconds.
  path: Assets/Asset/Animations/Straight Sword Animation Set/Models/Md_Straight_Sword_01.fbx
  artifactKey: Guid(6aca1f6740cb34547b89b9013d0e95b3) Importer(815301076,1909f56bfc062723c751e8b465ee728b)
Start importing Assets/Asset/Animations/Straight Sword Animation Set/Models/Md_Straight_Sword_01.fbx using Guid(6aca1f6740cb34547b89b9013d0e95b3) Importer(815301076,1909f56bfc062723c751e8b465ee728b)  -> (artifact id: '2e0dea4c94e19d38a939f3bb1dbba69a') in 0.227918 seconds 
========================================================================
Received Import Request.
  Time since last request: 0.113011 seconds.
  path: Assets/Asset/Animations/Straight Sword Animation Set/Models/Md_Char_Low_Poly_Man.fbx
  artifactKey: Guid(0ad932253e8dc8841948afa5d1a0d051) Importer(815301076,1909f56bfc062723c751e8b465ee728b)
Start importing Assets/Asset/Animations/Straight Sword Animation Set/Models/Md_Char_Low_Poly_Man.fbx using Guid(0ad932253e8dc8841948afa5d1a0d051) Importer(815301076,1909f56bfc062723c751e8b465ee728b)  -> (artifact id: '8ceb57bdc435690759e6bebb4103496d') in 0.066027 seconds 
========================================================================
Received Import Request.
  Time since last request: 4.657309 seconds.
  path: Assets/Asset/Animations/Straight Sword Animation Set/Animations/Straight_Sword_Anim_1.0.fbx
  artifactKey: Guid(6e2f485a5cf07ed4ca20959e516193ce) Importer(815301076,1909f56bfc062723c751e8b465ee728b)
Start importing Assets/Asset/Animations/Straight Sword Animation Set/Animations/Straight_Sword_Anim_1.0.fbx using Guid(6e2f485a5cf07ed4ca20959e516193ce) Importer(815301076,1909f56bfc062723c751e8b465ee728b)  -> (artifact id: '95c7b63431f60033f03cf911410f94d3') in 0.265849 seconds 
========================================================================
Received Import Request.
  Time since last request: 37.502445 seconds.
  path: Assets/Asset/Animations/Straight Sword Animation Set/Demo/Animator Controllers/Straight Sword.controller
  artifactKey: Guid(411728ec8fb1fde45b8b971451115f05) Importer(815301076,1909f56bfc062723c751e8b465ee728b)
Start importing Assets/Asset/Animations/Straight Sword Animation Set/Demo/Animator Controllers/Straight Sword.controller using Guid(411728ec8fb1fde45b8b971451115f05) Importer(815301076,1909f56bfc062723c751e8b465ee728b)  -> (artifact id: '12d3bb43f8a68c0b014acd605afb7db4') in 0.085559 seconds 
========================================================================
Received Import Request.
  Time since last request: 3.722525 seconds.
  path: Assets/Asset/Animations/Straight Sword Animation Set/Demo/Scenes/Test_Scene_01.unity
  artifactKey: Guid(11bbe59e67195694b9bdbc658a3e42e1) Importer(815301076,1909f56bfc062723c751e8b465ee728b)
Start importing Assets/Asset/Animations/Straight Sword Animation Set/Demo/Scenes/Test_Scene_01.unity using Guid(11bbe59e67195694b9bdbc658a3e42e1) Importer(815301076,1909f56bfc062723c751e8b465ee728b)  -> (artifact id: '4438d32dd986d344b539209116a6baac') in 0.002771 seconds 
========================================================================
Received Import Request.
  Time since last request: 0.328988 seconds.
  path: Assets/Asset/Animations/Straight Sword Animation Set/Demo/Scenes/Test_Scene_01
  artifactKey: Guid(c12abd715dd55ef44abee7710fa90dbc) Importer(815301076,1909f56bfc062723c751e8b465ee728b)
Start importing Assets/Asset/Animations/Straight Sword Animation Set/Demo/Scenes/Test_Scene_01 using Guid(c12abd715dd55ef44abee7710fa90dbc) Importer(815301076,1909f56bfc062723c751e8b465ee728b)  -> (artifact id: '0124fabea399ecb75282d0ceebb75dc9') in 0.011734 seconds 
========================================================================
Received Import Request.
  Time since last request: 191.885613 seconds.
  path: Assets/Asset/Animations/Straight Sword Animation Set/Animations
  artifactKey: Guid(1c1af587842ee534f9dbbad06b3e9568) Importer(815301076,1909f56bfc062723c751e8b465ee728b)
Start importing Assets/Asset/Animations/Straight Sword Animation Set/Animations using Guid(1c1af587842ee534f9dbbad06b3e9568) Importer(815301076,1909f56bfc062723c751e8b465ee728b)  -> (artifact id: 'e90366d39cd00ee1f58d0d124b97f461') in 0.012489 seconds 
========================================================================
Received Import Request.
  Time since last request: 185.427492 seconds.
  path: Assets/Scripts/Else
  artifactKey: Guid(e90a92bfcdc0af547b9c110f3e167d2f) Importer(815301076,1909f56bfc062723c751e8b465ee728b)
Start importing Assets/Scripts/Else using Guid(e90a92bfcdc0af547b9c110f3e167d2f) Importer(815301076,1909f56bfc062723c751e8b465ee728b)  -> (artifact id: '14a320f6d808415fc649cd3cf4a78342') in 10.067438 seconds 
========================================================================
Received Prepare
Registering precompiled user dll's ...
Registered in 0.005875 seconds.
Begin MonoManager ReloadAssembly
Symbol file LoadedFromMemory doesn't match image D:\EduProject\My project (1)\Library\PackageCache\com.unity.visualscripting@1.7.6\Editor\VisualScripting.Core\Dependencies\YamlDotNet\Unity.VisualScripting.YamlDotNet.dll
Symbol file LoadedFromMemory is not a mono symbol file
Symbol file LoadedFromMemory doesn't match image D:\EduProject\My project (1)\Library\PackageCache\com.unity.visualscripting@1.7.6\Editor\VisualScripting.Core\Dependencies\DotNetZip\Unity.VisualScripting.IonicZip.dll
Native extension for WindowsStandalone target not found
Refreshing native plugins compatible for Editor in 0.81 ms, found 3 plugins.
Preloading 0 native plugins for Editor in 0.00 ms.
Mono: successfully reloaded assembly
- Completed reload, in  3.928 seconds
Domain Reload Profiling:
	ReloadAssembly (3932ms)
		BeginReloadAssembly (1340ms)
			ExecutionOrderSort (0ms)
			DisableScriptedObjects (10ms)
			BackupInstance (0ms)
			ReleaseScriptingObjects (0ms)
			CreateAndSetChildDomain (175ms)
		EndReloadAssembly (2241ms)
			LoadAssemblies (1089ms)
			RebuildTransferFunctionScriptingTraits (0ms)
			SetupTypeCache (929ms)
			ReleaseScriptCaches (2ms)
			RebuildScriptCaches (142ms)
			SetupLoadedEditorAssemblies (807ms)
				LogAssemblyErrors (0ms)
				InitializePlatformSupportModulesInManaged (42ms)
				SetLoadedEditorAssemblies (1ms)
				RefreshPlugins (1ms)
				BeforeProcessingInitializeOnLoad (203ms)
				ProcessInitializeOnLoadAttributes (447ms)
				ProcessInitializeOnLoadMethodAttributes (63ms)
				AfterProcessingInitializeOnLoad (50ms)
				EditorAssembliesLoaded (0ms)
			ExecutionOrderSort2 (0ms)
			AwakeInstancesAfterBackupRestoration (21ms)
Platform modules already initialized, skipping
Refreshing native plugins compatible for Editor in 3.40 ms, found 3 plugins.
Preloading 0 native plugins for Editor in 0.00 ms.
Unloading 3464 Unused Serialized files (Serialized files now loaded: 0)
Unloading 16 unused Assets / (79.3 KB). Loaded Objects now: 3988.
Memory consumption went from 138.1 MB to 138.0 MB.
Total: 8.998800 ms (FindLiveObjects: 1.813300 ms CreateObjectMapping: 0.228100 ms MarkObjects: 6.849900 ms  DeleteObjects: 0.104800 ms)

AssetImportParameters requested are different than current active one (requested -> active):
  custom:video-decoder-ogg-theora: a1e56fd34408186e4bbccfd4996cb3dc -> 
  custom:container-muxer-webm: aa71ff27fc2769a1b78a27578f13a17b -> 
  custom:container-demuxer-webm: 4f35f7cbe854078d1ac9338744f61a02 -> 
  custom:video-encoder-webm-vp8: eb34c28f22e8b96e1ab97ce403110664 -> 
  custom:audio-encoder-webm-vorbis: bf7c407c2cedff20999df2af8eb42d56 -> 
  custom:framework-win-MediaFoundation: 216162199b28c13a410421893ffa2e32 -> 
  custom:container-demuxer-ogg: 62fdf1f143b41e24485cea50d1cbac27 -> 
  custom:video-decoder-webm-vp8: 9c59270c3fd7afecdb556c50c9e8de78 -> 
  custom:audio-decoder-ogg-vorbis: bf7c407c2cedff20999df2af8eb42d56 -> 
========================================================================
Received Import Request.
  Time since last request: 90.848530 seconds.
  path: Assets/Scripts/Player/InputManager.cs
  artifactKey: Guid(b4924c6696fc8dc4da02ee0a0b1267c7) Importer(815301076,1909f56bfc062723c751e8b465ee728b)
Start importing Assets/Scripts/Player/InputManager.cs using Guid(b4924c6696fc8dc4da02ee0a0b1267c7) Importer(815301076,1909f56bfc062723c751e8b465ee728b)  -> (artifact id: '57d80ef2f8826a1054a1faf28d0f1578') in 0.037974 seconds 
========================================================================
Received Import Request.
  Time since last request: 0.409857 seconds.
  path: Assets/Scripts/System
  artifactKey: Guid(e90a92bfcdc0af547b9c110f3e167d2f) Importer(815301076,1909f56bfc062723c751e8b465ee728b)
Start importing Assets/Scripts/System using Guid(e90a92bfcdc0af547b9c110f3e167d2f) Importer(815301076,1909f56bfc062723c751e8b465ee728b)  -> (artifact id: '5aaf810163ccfc3019413fdd071d29dc') in 0.014478 seconds 
========================================================================
Received Prepare
Registering precompiled user dll's ...
Registered in 0.050294 seconds.
Begin MonoManager ReloadAssembly
Symbol file LoadedFromMemory doesn't match image D:\EduProject\My project (1)\Library\PackageCache\com.unity.visualscripting@1.7.6\Editor\VisualScripting.Core\Dependencies\YamlDotNet\Unity.VisualScripting.YamlDotNet.dll
Symbol file LoadedFromMemory is not a mono symbol file
Symbol file LoadedFromMemory doesn't match image D:\EduProject\My project (1)\Library\PackageCache\com.unity.visualscripting@1.7.6\Editor\VisualScripting.Core\Dependencies\DotNetZip\Unity.VisualScripting.IonicZip.dll
Native extension for WindowsStandalone target not found
Refreshing native plugins compatible for Editor in 0.53 ms, found 3 plugins.
Preloading 0 native plugins for Editor in 0.00 ms.
Mono: successfully reloaded assembly
- Completed reload, in  3.532 seconds
Domain Reload Profiling:
	ReloadAssembly (3534ms)
		BeginReloadAssembly (639ms)
			ExecutionOrderSort (0ms)
			DisableScriptedObjects (101ms)
			BackupInstance (0ms)
			ReleaseScriptingObjects (0ms)
			CreateAndSetChildDomain (85ms)
		EndReloadAssembly (2509ms)
			LoadAssemblies (544ms)
			RebuildTransferFunctionScriptingTraits (0ms)
			SetupTypeCache (1075ms)
			ReleaseScriptCaches (3ms)
			RebuildScriptCaches (108ms)
			SetupLoadedEditorAssemblies (841ms)
				LogAssemblyErrors (0ms)
				InitializePlatformSupportModulesInManaged (60ms)
				SetLoadedEditorAssemblies (0ms)
				RefreshPlugins (1ms)
				BeforeProcessingInitializeOnLoad (156ms)
				ProcessInitializeOnLoadAttributes (471ms)
				ProcessInitializeOnLoadMethodAttributes (101ms)
				AfterProcessingInitializeOnLoad (52ms)
				EditorAssembliesLoaded (0ms)
			ExecutionOrderSort2 (0ms)
			AwakeInstancesAfterBackupRestoration (29ms)
Platform modules already initialized, skipping
Refreshing native plugins compatible for Editor in 1.74 ms, found 3 plugins.
Preloading 0 native plugins for Editor in 0.00 ms.
Unloading 3464 Unused Serialized files (Serialized files now loaded: 0)
Unloading 16 unused Assets / (79.3 KB). Loaded Objects now: 3991.
Memory consumption went from 138.1 MB to 138.0 MB.
Total: 3.352400 ms (FindLiveObjects: 0.301000 ms CreateObjectMapping: 0.364100 ms MarkObjects: 2.586800 ms  DeleteObjects: 0.099000 ms)

AssetImportParameters requested are different than current active one (requested -> active):
  custom:video-decoder-ogg-theora: a1e56fd34408186e4bbccfd4996cb3dc -> 
  custom:container-muxer-webm: aa71ff27fc2769a1b78a27578f13a17b -> 
  custom:container-demuxer-webm: 4f35f7cbe854078d1ac9338744f61a02 -> 
  custom:video-encoder-webm-vp8: eb34c28f22e8b96e1ab97ce403110664 -> 
  custom:audio-encoder-webm-vorbis: bf7c407c2cedff20999df2af8eb42d56 -> 
  custom:framework-win-MediaFoundation: 216162199b28c13a410421893ffa2e32 -> 
  custom:container-demuxer-ogg: 62fdf1f143b41e24485cea50d1cbac27 -> 
  custom:video-decoder-webm-vp8: 9c59270c3fd7afecdb556c50c9e8de78 -> 
  custom:audio-decoder-ogg-vorbis: bf7c407c2cedff20999df2af8eb42d56 -> 
========================================================================
Received Import Request.
  Time since last request: 45.820950 seconds.
  path: Assets/Scripts/System/SingletonBase.cs
  artifactKey: Guid(ff613de160a8f5c4fae4fdd83e3156ae) Importer(815301076,1909f56bfc062723c751e8b465ee728b)
Start importing Assets/Scripts/System/SingletonBase.cs using Guid(ff613de160a8f5c4fae4fdd83e3156ae) Importer(815301076,1909f56bfc062723c751e8b465ee728b)  -> (artifact id: 'f8398e514409ff6388fe1ee35f065710') in 0.046337 seconds 
========================================================================
Received Import Request.
  Time since last request: 26.280931 seconds.
  path: Assets/Scripts/System/SingletonBase.cs
  artifactKey: Guid(ff613de160a8f5c4fae4fdd83e3156ae) Importer(815301076,1909f56bfc062723c751e8b465ee728b)
Start importing Assets/Scripts/System/SingletonBase.cs using Guid(ff613de160a8f5c4fae4fdd83e3156ae) Importer(815301076,1909f56bfc062723c751e8b465ee728b)  -> (artifact id: 'dffc1bf7e04bb82bdeec6ba313f532a2') in 0.004908 seconds 
========================================================================
Received Prepare
Registering precompiled user dll's ...
Registered in 0.068766 seconds.
Begin MonoManager ReloadAssembly
Symbol file LoadedFromMemory doesn't match image D:\EduProject\My project (1)\Library\PackageCache\com.unity.visualscripting@1.7.6\Editor\VisualScripting.Core\Dependencies\YamlDotNet\Unity.VisualScripting.YamlDotNet.dll
Symbol file LoadedFromMemory is not a mono symbol file
Symbol file LoadedFromMemory doesn't match image D:\EduProject\My project (1)\Library\PackageCache\com.unity.visualscripting@1.7.6\Editor\VisualScripting.Core\Dependencies\DotNetZip\Unity.VisualScripting.IonicZip.dll
Native extension for WindowsStandalone target not found
Refreshing native plugins compatible for Editor in 1.16 ms, found 3 plugins.
Preloading 0 native plugins for Editor in 0.00 ms.
Mono: successfully reloaded assembly
- Completed reload, in  4.739 seconds
Domain Reload Profiling:
	ReloadAssembly (4747ms)
		BeginReloadAssembly (713ms)
			ExecutionOrderSort (0ms)
			DisableScriptedObjects (22ms)
			BackupInstance (0ms)
			ReleaseScriptingObjects (0ms)
			CreateAndSetChildDomain (142ms)
		EndReloadAssembly (3555ms)
			LoadAssemblies (464ms)
			RebuildTransferFunctionScriptingTraits (0ms)
			SetupTypeCache (740ms)
			ReleaseScriptCaches (20ms)
			RebuildScriptCaches (192ms)
			SetupLoadedEditorAssemblies (1977ms)
				LogAssemblyErrors (0ms)
				InitializePlatformSupportModulesInManaged (56ms)
				SetLoadedEditorAssemblies (3ms)
				RefreshPlugins (1ms)
				BeforeProcessingInitializeOnLoad (216ms)
				ProcessInitializeOnLoadAttributes (1386ms)
				ProcessInitializeOnLoadMethodAttributes (190ms)
				AfterProcessingInitializeOnLoad (120ms)
				EditorAssembliesLoaded (3ms)
			ExecutionOrderSort2 (0ms)
			AwakeInstancesAfterBackupRestoration (100ms)
Platform modules already initialized, skipping
Refreshing native plugins compatible for Editor in 42.92 ms, found 3 plugins.
Preloading 0 native plugins for Editor in 0.00 ms.
Unloading 3937 Unused Serialized files (Serialized files now loaded: 0)
Unloading 16 unused Assets / (79.3 KB). Loaded Objects now: 4467.
Memory consumption went from 154.8 MB to 154.7 MB.
Total: 59.609900 ms (FindLiveObjects: 4.607500 ms CreateObjectMapping: 5.575900 ms MarkObjects: 49.338100 ms  DeleteObjects: 0.086900 ms)

AssetImportParameters requested are different than current active one (requested -> active):
  custom:video-decoder-ogg-theora: a1e56fd34408186e4bbccfd4996cb3dc -> 
  custom:container-muxer-webm: aa71ff27fc2769a1b78a27578f13a17b -> 
  custom:container-demuxer-webm: 4f35f7cbe854078d1ac9338744f61a02 -> 
  custom:video-encoder-webm-vp8: eb34c28f22e8b96e1ab97ce403110664 -> 
  custom:audio-encoder-webm-vorbis: bf7c407c2cedff20999df2af8eb42d56 -> 
  custom:framework-win-MediaFoundation: 216162199b28c13a410421893ffa2e32 -> 
  custom:container-demuxer-ogg: 62fdf1f143b41e24485cea50d1cbac27 -> 
  custom:video-decoder-webm-vp8: 9c59270c3fd7afecdb556c50c9e8de78 -> 
  custom:audio-decoder-ogg-vorbis: bf7c407c2cedff20999df2af8eb42d56 -> 
========================================================================
Received Prepare
Registering precompiled user dll's ...
Registered in 0.019507 seconds.
Begin MonoManager ReloadAssembly
Symbol file LoadedFromMemory doesn't match image D:\EduProject\My project (1)\Library\PackageCache\com.unity.visualscripting@1.7.6\Editor\VisualScripting.Core\Dependencies\YamlDotNet\Unity.VisualScripting.YamlDotNet.dll
Symbol file LoadedFromMemory is not a mono symbol file
Symbol file LoadedFromMemory doesn't match image D:\EduProject\My project (1)\Library\PackageCache\com.unity.visualscripting@1.7.6\Editor\VisualScripting.Core\Dependencies\DotNetZip\Unity.VisualScripting.IonicZip.dll
Native extension for WindowsStandalone target not found
Refreshing native plugins compatible for Editor in 1.29 ms, found 3 plugins.
Preloading 0 native plugins for Editor in 0.00 ms.
Mono: successfully reloaded assembly
- Completed reload, in  4.012 seconds
Domain Reload Profiling:
	ReloadAssembly (4015ms)
		BeginReloadAssembly (826ms)
			ExecutionOrderSort (0ms)
			DisableScriptedObjects (27ms)
			BackupInstance (0ms)
			ReleaseScriptingObjects (0ms)
			CreateAndSetChildDomain (128ms)
		EndReloadAssembly (2914ms)
			LoadAssemblies (506ms)
			RebuildTransferFunctionScriptingTraits (0ms)
			SetupTypeCache (739ms)
			ReleaseScriptCaches (4ms)
			RebuildScriptCaches (101ms)
			SetupLoadedEditorAssemblies (1697ms)
				LogAssemblyErrors (0ms)
				InitializePlatformSupportModulesInManaged (138ms)
				SetLoadedEditorAssemblies (3ms)
				RefreshPlugins (1ms)
				BeforeProcessingInitializeOnLoad (280ms)
				ProcessInitializeOnLoadAttributes (906ms)
				ProcessInitializeOnLoadMethodAttributes (262ms)
				AfterProcessingInitializeOnLoad (106ms)
				EditorAssembliesLoaded (0ms)
			ExecutionOrderSort2 (0ms)
			AwakeInstancesAfterBackupRestoration (26ms)
Platform modules already initialized, skipping
Refreshing native plugins compatible for Editor in 1.63 ms, found 3 plugins.
Preloading 0 native plugins for Editor in 0.00 ms.
Unloading 3949 Unused Serialized files (Serialized files now loaded: 0)
Unloading 16 unused Assets / (79.3 KB). Loaded Objects now: 4470.
Memory consumption went from 155.2 MB to 155.1 MB.
Total: 10.305500 ms (FindLiveObjects: 0.323700 ms CreateObjectMapping: 0.447400 ms MarkObjects: 9.451000 ms  DeleteObjects: 0.081700 ms)

AssetImportParameters requested are different than current active one (requested -> active):
  custom:video-decoder-ogg-theora: a1e56fd34408186e4bbccfd4996cb3dc -> 
  custom:container-muxer-webm: aa71ff27fc2769a1b78a27578f13a17b -> 
  custom:container-demuxer-webm: 4f35f7cbe854078d1ac9338744f61a02 -> 
  custom:video-encoder-webm-vp8: eb34c28f22e8b96e1ab97ce403110664 -> 
  custom:audio-encoder-webm-vorbis: bf7c407c2cedff20999df2af8eb42d56 -> 
  custom:framework-win-MediaFoundation: 216162199b28c13a410421893ffa2e32 -> 
  custom:container-demuxer-ogg: 62fdf1f143b41e24485cea50d1cbac27 -> 
  custom:video-decoder-webm-vp8: 9c59270c3fd7afecdb556c50c9e8de78 -> 
  custom:audio-decoder-ogg-vorbis: bf7c407c2cedff20999df2af8eb42d56 -> 
========================================================================
Received Import Request.
  Time since last request: 206.744750 seconds.
  path: Assets/Scripts/System/SingletonBase.cs
  artifactKey: Guid(ff613de160a8f5c4fae4fdd83e3156ae) Importer(815301076,1909f56bfc062723c751e8b465ee728b)
Start importing Assets/Scripts/System/SingletonBase.cs using Guid(ff613de160a8f5c4fae4fdd83e3156ae) Importer(815301076,1909f56bfc062723c751e8b465ee728b)  -> (artifact id: '9c4273a5818afc4d18b71ca4816183be') in 0.024211 seconds 
========================================================================
Received Prepare
Registering precompiled user dll's ...
Registered in 0.027295 seconds.
Begin MonoManager ReloadAssembly
Symbol file LoadedFromMemory doesn't match image D:\EduProject\My project (1)\Library\PackageCache\com.unity.visualscripting@1.7.6\Editor\VisualScripting.Core\Dependencies\YamlDotNet\Unity.VisualScripting.YamlDotNet.dll
Symbol file LoadedFromMemory is not a mono symbol file
Symbol file LoadedFromMemory doesn't match image D:\EduProject\My project (1)\Library\PackageCache\com.unity.visualscripting@1.7.6\Editor\VisualScripting.Core\Dependencies\DotNetZip\Unity.VisualScripting.IonicZip.dll
Native extension for WindowsStandalone target not found
Refreshing native plugins compatible for Editor in 1.33 ms, found 3 plugins.
Preloading 0 native plugins for Editor in 0.00 ms.
Mono: successfully reloaded assembly
- Completed reload, in  3.057 seconds
Domain Reload Profiling:
	ReloadAssembly (3058ms)
		BeginReloadAssembly (616ms)
			ExecutionOrderSort (0ms)
			DisableScriptedObjects (12ms)
			BackupInstance (0ms)
			ReleaseScriptingObjects (0ms)
			CreateAndSetChildDomain (111ms)
		EndReloadAssembly (2186ms)
			LoadAssemblies (506ms)
			RebuildTransferFunctionScriptingTraits (0ms)
			SetupTypeCache (673ms)
			ReleaseScriptCaches (6ms)
			RebuildScriptCaches (91ms)
			SetupLoadedEditorAssemblies (1065ms)
				LogAssemblyErrors (0ms)
				InitializePlatformSupportModulesInManaged (28ms)
				SetLoadedEditorAssemblies (2ms)
				RefreshPlugins (1ms)
				BeforeProcessingInitializeOnLoad (184ms)
				ProcessInitializeOnLoadAttributes (592ms)
				ProcessInitializeOnLoadMethodAttributes (217ms)
				AfterProcessingInitializeOnLoad (40ms)
				EditorAssembliesLoaded (1ms)
			ExecutionOrderSort2 (0ms)
			AwakeInstancesAfterBackupRestoration (30ms)
Platform modules already initialized, skipping
Refreshing native plugins compatible for Editor in 2.79 ms, found 3 plugins.
Preloading 0 native plugins for Editor in 0.00 ms.
Unloading 3949 Unused Serialized files (Serialized files now loaded: 0)
Unloading 16 unused Assets / (79.4 KB). Loaded Objects now: 4473.
Memory consumption went from 155.2 MB to 155.1 MB.
Total: 3.277900 ms (FindLiveObjects: 0.279900 ms CreateObjectMapping: 0.221500 ms MarkObjects: 2.659100 ms  DeleteObjects: 0.115700 ms)

AssetImportParameters requested are different than current active one (requested -> active):
  custom:video-decoder-ogg-theora: a1e56fd34408186e4bbccfd4996cb3dc -> 
  custom:container-muxer-webm: aa71ff27fc2769a1b78a27578f13a17b -> 
  custom:container-demuxer-webm: 4f35f7cbe854078d1ac9338744f61a02 -> 
  custom:video-encoder-webm-vp8: eb34c28f22e8b96e1ab97ce403110664 -> 
  custom:audio-encoder-webm-vorbis: bf7c407c2cedff20999df2af8eb42d56 -> 
  custom:framework-win-MediaFoundation: 216162199b28c13a410421893ffa2e32 -> 
  custom:container-demuxer-ogg: 62fdf1f143b41e24485cea50d1cbac27 -> 
  custom:video-decoder-webm-vp8: 9c59270c3fd7afecdb556c50c9e8de78 -> 
  custom:audio-decoder-ogg-vorbis: bf7c407c2cedff20999df2af8eb42d56 -> 
========================================================================
Received Import Request.
  Time since last request: 228.352587 seconds.
  path: Assets/Scenes/Test/SampleScene.unity
  artifactKey: Guid(9fc0d4010bbf28b4594072e72b8655ab) Importer(815301076,1909f56bfc062723c751e8b465ee728b)
Start importing Assets/Scenes/Test/SampleScene.unity using Guid(9fc0d4010bbf28b4594072e72b8655ab) Importer(815301076,1909f56bfc062723c751e8b465ee728b)  -> (artifact id: 'cf3ab517f1d9e1bc0d9f9c53fdd43a8f') in 0.020202 seconds 
========================================================================
Received Import Request.
  Time since last request: 9.331693 seconds.
  path: Assets/Scenes/Starter.unity
  artifactKey: Guid(32593397ad6480943bcec96318b02534) Importer(815301076,1909f56bfc062723c751e8b465ee728b)
Start importing Assets/Scenes/Starter.unity using Guid(32593397ad6480943bcec96318b02534) Importer(815301076,1909f56bfc062723c751e8b465ee728b)  -> (artifact id: 'acf51c7b407f3bd41af42191acdbb5a1') in 0.011277 seconds 
========================================================================
Received Import Request.
  Time since last request: 14.290549 seconds.
  path: Assets/Scripts/System/Starter.cs
  artifactKey: Guid(474f160759bfb7d4aa0a58a9eb5446c7) Importer(815301076,1909f56bfc062723c751e8b465ee728b)
Start importing Assets/Scripts/System/Starter.cs using Guid(474f160759bfb7d4aa0a58a9eb5446c7) Importer(815301076,1909f56bfc062723c751e8b465ee728b)  -> (artifact id: '60cddbdcf86f30d9404e866829c91b22') in 0.023122 seconds 
========================================================================
Received Prepare
Registering precompiled user dll's ...
Registered in 0.018604 seconds.
Begin MonoManager ReloadAssembly
Symbol file LoadedFromMemory doesn't match image D:\EduProject\My project (1)\Library\PackageCache\com.unity.visualscripting@1.7.6\Editor\VisualScripting.Core\Dependencies\YamlDotNet\Unity.VisualScripting.YamlDotNet.dll
Symbol file LoadedFromMemory is not a mono symbol file
Symbol file LoadedFromMemory doesn't match image D:\EduProject\My project (1)\Library\PackageCache\com.unity.visualscripting@1.7.6\Editor\VisualScripting.Core\Dependencies\DotNetZip\Unity.VisualScripting.IonicZip.dll
Native extension for WindowsStandalone target not found
Refreshing native plugins compatible for Editor in 0.91 ms, found 3 plugins.
Preloading 0 native plugins for Editor in 0.00 ms.
Mono: successfully reloaded assembly
- Completed reload, in  6.736 seconds
Domain Reload Profiling:
	ReloadAssembly (6737ms)
		BeginReloadAssembly (507ms)
			ExecutionOrderSort (0ms)
			DisableScriptedObjects (28ms)
			BackupInstance (0ms)
			ReleaseScriptingObjects (0ms)
			CreateAndSetChildDomain (107ms)
		EndReloadAssembly (4987ms)
			LoadAssemblies (883ms)
			RebuildTransferFunctionScriptingTraits (0ms)
			SetupTypeCache (1522ms)
			ReleaseScriptCaches (5ms)
			RebuildScriptCaches (288ms)
			SetupLoadedEditorAssemblies (2057ms)
				LogAssemblyErrors (0ms)
				InitializePlatformSupportModulesInManaged (92ms)
				SetLoadedEditorAssemblies (1ms)
				RefreshPlugins (1ms)
				BeforeProcessingInitializeOnLoad (225ms)
				ProcessInitializeOnLoadAttributes (1450ms)
				ProcessInitializeOnLoadMethodAttributes (246ms)
				AfterProcessingInitializeOnLoad (42ms)
				EditorAssembliesLoaded (0ms)
			ExecutionOrderSort2 (0ms)
			AwakeInstancesAfterBackupRestoration (27ms)
Platform modules already initialized, skipping
Refreshing native plugins compatible for Editor in 8.08 ms, found 3 plugins.
Preloading 0 native plugins for Editor in 0.00 ms.
Unloading 3950 Unused Serialized files (Serialized files now loaded: 0)
Unloading 16 unused Assets / (79.4 KB). Loaded Objects now: 4477.
Memory consumption went from 155.2 MB to 155.2 MB.
Total: 16.473200 ms (FindLiveObjects: 0.315900 ms CreateObjectMapping: 0.230800 ms MarkObjects: 15.829900 ms  DeleteObjects: 0.095100 ms)

AssetImportParameters requested are different than current active one (requested -> active):
  custom:video-decoder-ogg-theora: a1e56fd34408186e4bbccfd4996cb3dc -> 
  custom:container-muxer-webm: aa71ff27fc2769a1b78a27578f13a17b -> 
  custom:container-demuxer-webm: 4f35f7cbe854078d1ac9338744f61a02 -> 
  custom:video-encoder-webm-vp8: eb34c28f22e8b96e1ab97ce403110664 -> 
  custom:audio-encoder-webm-vorbis: bf7c407c2cedff20999df2af8eb42d56 -> 
  custom:framework-win-MediaFoundation: 216162199b28c13a410421893ffa2e32 -> 
  custom:container-demuxer-ogg: 62fdf1f143b41e24485cea50d1cbac27 -> 
  custom:video-decoder-webm-vp8: 9c59270c3fd7afecdb556c50c9e8de78 -> 
  custom:audio-decoder-ogg-vorbis: bf7c407c2cedff20999df2af8eb42d56 -> 
========================================================================
Received Import Request.
  Time since last request: 51.279384 seconds.
  path: Assets/Scripts/System/InputManager.cs
  artifactKey: Guid(b4924c6696fc8dc4da02ee0a0b1267c7) Importer(815301076,1909f56bfc062723c751e8b465ee728b)
Start importing Assets/Scripts/System/InputManager.cs using Guid(b4924c6696fc8dc4da02ee0a0b1267c7) Importer(815301076,1909f56bfc062723c751e8b465ee728b)  -> (artifact id: '8bb0e3a2e5ad5be1b342c4f28c1450d7') in 0.024600 seconds 
========================================================================
Received Import Request.
  Time since last request: 22.320498 seconds.
  path: Assets/Prefab
  artifactKey: Guid(b0160855a9ed4a94fa465c99ea4dae0b) Importer(815301076,1909f56bfc062723c751e8b465ee728b)
Start importing Assets/Prefab using Guid(b0160855a9ed4a94fa465c99ea4dae0b) Importer(815301076,1909f56bfc062723c751e8b465ee728b)  -> (artifact id: 'f9ee8a9a8470a90cb590c26c822db829') in 0.009522 seconds 
========================================================================
Received Import Request.
  Time since last request: 1.822533 seconds.
  path: Assets/Plugins
  artifactKey: Guid(a82506775d456cc4988d0a941aa1de28) Importer(815301076,1909f56bfc062723c751e8b465ee728b)
Start importing Assets/Plugins using Guid(a82506775d456cc4988d0a941aa1de28) Importer(815301076,1909f56bfc062723c751e8b465ee728b)  -> (artifact id: 'f033bb35898611631a561c1d46fe27b7') in 0.016443 seconds 
========================================================================
Received Import Request.
  Time since last request: 5.946781 seconds.
  path: Assets/Prefab/System
  artifactKey: Guid(61961fba4c34c144ca2756cf2a8f0b2f) Importer(815301076,1909f56bfc062723c751e8b465ee728b)
Start importing Assets/Prefab/System using Guid(61961fba4c34c144ca2756cf2a8f0b2f) Importer(815301076,1909f56bfc062723c751e8b465ee728b)  -> (artifact id: '29d2ef55b883fecd9c504d340efa6f5e') in 0.012034 seconds 
========================================================================
Received Import Request.
  Time since last request: 3.654571 seconds.
  path: Assets/Prefab/System/Starter.prefab
  artifactKey: Guid(b4421a5cecbf2194abb788853f280820) Importer(815301076,1909f56bfc062723c751e8b465ee728b)
Start importing Assets/Prefab/System/Starter.prefab using Guid(b4421a5cecbf2194abb788853f280820) Importer(815301076,1909f56bfc062723c751e8b465ee728b)  -> (artifact id: '2e4ef1ddaf45529553c63fb14ce83b22') in 0.123773 seconds 
========================================================================
Received Import Request.
  Time since last request: 17.628204 seconds.
  path: Assets/Prefab/System/InputManager.prefab
  artifactKey: Guid(f7bebe791168b1d429c85b1070038b2f) Importer(815301076,1909f56bfc062723c751e8b465ee728b)
Start importing Assets/Prefab/System/InputManager.prefab using Guid(f7bebe791168b1d429c85b1070038b2f) Importer(815301076,1909f56bfc062723c751e8b465ee728b)  -> (artifact id: 'f4c4b4698f34f8aa407127c99e616650') in 0.039952 seconds 
========================================================================
Received Import Request.
  Time since last request: 0.949549 seconds.
  path: Assets/Prefab/System/Starter.prefab
  artifactKey: Guid(b4421a5cecbf2194abb788853f280820) Importer(815301076,1909f56bfc062723c751e8b465ee728b)
Start importing Assets/Prefab/System/Starter.prefab using Guid(b4421a5cecbf2194abb788853f280820) Importer(815301076,1909f56bfc062723c751e8b465ee728b)  -> (artifact id: '4fb0ad3491af6871d5deeea2ef4da0c9') in 0.018157 seconds 
========================================================================
Received Prepare
Registering precompiled user dll's ...
Registered in 0.015173 seconds.
Begin MonoManager ReloadAssembly
Symbol file LoadedFromMemory doesn't match image D:\EduProject\My project (1)\Library\PackageCache\com.unity.visualscripting@1.7.6\Editor\VisualScripting.Core\Dependencies\YamlDotNet\Unity.VisualScripting.YamlDotNet.dll
Symbol file LoadedFromMemory is not a mono symbol file
Symbol file LoadedFromMemory doesn't match image D:\EduProject\My project (1)\Library\PackageCache\com.unity.visualscripting@1.7.6\Editor\VisualScripting.Core\Dependencies\DotNetZip\Unity.VisualScripting.IonicZip.dll
Native extension for WindowsStandalone target not found
Refreshing native plugins compatible for Editor in 0.68 ms, found 3 plugins.
Preloading 0 native plugins for Editor in 0.00 ms.
Mono: successfully reloaded assembly
- Completed reload, in  3.696 seconds
Domain Reload Profiling:
	ReloadAssembly (3699ms)
		BeginReloadAssembly (411ms)
			ExecutionOrderSort (0ms)
			DisableScriptedObjects (10ms)
			BackupInstance (0ms)
			ReleaseScriptingObjects (0ms)
			CreateAndSetChildDomain (76ms)
		EndReloadAssembly (2964ms)
			LoadAssemblies (539ms)
			RebuildTransferFunctionScriptingTraits (0ms)
			SetupTypeCache (1097ms)
			ReleaseScriptCaches (4ms)
			RebuildScriptCaches (122ms)
			SetupLoadedEditorAssemblies (1158ms)
				LogAssemblyErrors (0ms)
				InitializePlatformSupportModulesInManaged (30ms)
				SetLoadedEditorAssemblies (2ms)
				RefreshPlugins (1ms)
				BeforeProcessingInitializeOnLoad (198ms)
				ProcessInitializeOnLoadAttributes (595ms)
				ProcessInitializeOnLoadMethodAttributes (258ms)
				AfterProcessingInitializeOnLoad (71ms)
				EditorAssembliesLoaded (4ms)
			ExecutionOrderSort2 (0ms)
			AwakeInstancesAfterBackupRestoration (34ms)
Platform modules already initialized, skipping
Refreshing native plugins compatible for Editor in 13.21 ms, found 3 plugins.
Preloading 0 native plugins for Editor in 0.00 ms.
Unloading 3950 Unused Serialized files (Serialized files now loaded: 0)
Unloading 16 unused Assets / (79.4 KB). Loaded Objects now: 4480.
Memory consumption went from 155.3 MB to 155.2 MB.
Total: 4.176700 ms (FindLiveObjects: 0.647000 ms CreateObjectMapping: 0.295100 ms MarkObjects: 3.129300 ms  DeleteObjects: 0.103700 ms)

AssetImportParameters requested are different than current active one (requested -> active):
  custom:video-decoder-ogg-theora: a1e56fd34408186e4bbccfd4996cb3dc -> 
  custom:container-muxer-webm: aa71ff27fc2769a1b78a27578f13a17b -> 
  custom:container-demuxer-webm: 4f35f7cbe854078d1ac9338744f61a02 -> 
  custom:video-encoder-webm-vp8: eb34c28f22e8b96e1ab97ce403110664 -> 
  custom:audio-encoder-webm-vorbis: bf7c407c2cedff20999df2af8eb42d56 -> 
  custom:framework-win-MediaFoundation: 216162199b28c13a410421893ffa2e32 -> 
  custom:container-demuxer-ogg: 62fdf1f143b41e24485cea50d1cbac27 -> 
  custom:video-decoder-webm-vp8: 9c59270c3fd7afecdb556c50c9e8de78 -> 
  custom:audio-decoder-ogg-vorbis: bf7c407c2cedff20999df2af8eb42d56 -> 
========================================================================
Received Import Request.
  Time since last request: 27.691188 seconds.
  path: Assets/AddressableAssetsData/AssetGroups/System.asset
  artifactKey: Guid(c52a9d53c70298e43a33594ebe2be074) Importer(815301076,1909f56bfc062723c751e8b465ee728b)
Start importing Assets/AddressableAssetsData/AssetGroups/System.asset using Guid(c52a9d53c70298e43a33594ebe2be074) Importer(815301076,1909f56bfc062723c751e8b465ee728b)  -> (artifact id: '877d94a5a50a5747ddb803130f885e19') in 0.142244 seconds 
========================================================================
Received Import Request.
  Time since last request: 1.964013 seconds.
  path: Assets/Prefab/System/InputManager.prefab
  artifactKey: Guid(f7bebe791168b1d429c85b1070038b2f) Importer(815301076,1909f56bfc062723c751e8b465ee728b)
Start importing Assets/Prefab/System/InputManager.prefab using Guid(f7bebe791168b1d429c85b1070038b2f) Importer(815301076,1909f56bfc062723c751e8b465ee728b)  -> (artifact id: '000cb8e528bb0dbd4bd64d3b387ab43f') in 0.045149 seconds 
========================================================================
Received Prepare
Registering precompiled user dll's ...
Registered in 0.019363 seconds.
Begin MonoManager ReloadAssembly
Symbol file LoadedFromMemory doesn't match image D:\EduProject\My project (1)\Library\PackageCache\com.unity.visualscripting@1.7.6\Editor\VisualScripting.Core\Dependencies\YamlDotNet\Unity.VisualScripting.YamlDotNet.dll
Symbol file LoadedFromMemory is not a mono symbol file
Symbol file LoadedFromMemory doesn't match image D:\EduProject\My project (1)\Library\PackageCache\com.unity.visualscripting@1.7.6\Editor\VisualScripting.Core\Dependencies\DotNetZip\Unity.VisualScripting.IonicZip.dll
Native extension for WindowsStandalone target not found
Refreshing native plugins compatible for Editor in 0.76 ms, found 3 plugins.
Preloading 0 native plugins for Editor in 0.00 ms.
Mono: successfully reloaded assembly
- Completed reload, in  3.666 seconds
Domain Reload Profiling:
	ReloadAssembly (3667ms)
		BeginReloadAssembly (684ms)
			ExecutionOrderSort (0ms)
			DisableScriptedObjects (17ms)
			BackupInstance (0ms)
			ReleaseScriptingObjects (1ms)
			CreateAndSetChildDomain (188ms)
		EndReloadAssembly (2554ms)
			LoadAssemblies (492ms)
			RebuildTransferFunctionScriptingTraits (0ms)
			SetupTypeCache (891ms)
			ReleaseScriptCaches (1ms)
			RebuildScriptCaches (110ms)
			SetupLoadedEditorAssemblies (1103ms)
				LogAssemblyErrors (0ms)
				InitializePlatformSupportModulesInManaged (63ms)
				SetLoadedEditorAssemblies (0ms)
				RefreshPlugins (1ms)
				BeforeProcessingInitializeOnLoad (186ms)
				ProcessInitializeOnLoadAttributes (542ms)
				ProcessInitializeOnLoadMethodAttributes (233ms)
				AfterProcessingInitializeOnLoad (78ms)
				EditorAssembliesLoaded (1ms)
			ExecutionOrderSort2 (0ms)
			AwakeInstancesAfterBackupRestoration (33ms)
Platform modules already initialized, skipping
Refreshing native plugins compatible for Editor in 2.88 ms, found 3 plugins.
Preloading 0 native plugins for Editor in 0.00 ms.
Unloading 3950 Unused Serialized files (Serialized files now loaded: 0)
Unloading 16 unused Assets / (79.4 KB). Loaded Objects now: 4483.
Memory consumption went from 155.3 MB to 155.2 MB.
Total: 4.188200 ms (FindLiveObjects: 0.369800 ms CreateObjectMapping: 0.297500 ms MarkObjects: 3.434800 ms  DeleteObjects: 0.084200 ms)

AssetImportParameters requested are different than current active one (requested -> active):
  custom:video-decoder-ogg-theora: a1e56fd34408186e4bbccfd4996cb3dc -> 
  custom:container-muxer-webm: aa71ff27fc2769a1b78a27578f13a17b -> 
  custom:container-demuxer-webm: 4f35f7cbe854078d1ac9338744f61a02 -> 
  custom:video-encoder-webm-vp8: eb34c28f22e8b96e1ab97ce403110664 -> 
  custom:audio-encoder-webm-vorbis: bf7c407c2cedff20999df2af8eb42d56 -> 
  custom:framework-win-MediaFoundation: 216162199b28c13a410421893ffa2e32 -> 
  custom:container-demuxer-ogg: 62fdf1f143b41e24485cea50d1cbac27 -> 
  custom:video-decoder-webm-vp8: 9c59270c3fd7afecdb556c50c9e8de78 -> 
  custom:audio-decoder-ogg-vorbis: bf7c407c2cedff20999df2af8eb42d56 -> 
========================================================================
Received Import Request.
  Time since last request: 89.286188 seconds.
  path: Assets/Scenes/Starter.unity
  artifactKey: Guid(32593397ad6480943bcec96318b02534) Importer(815301076,1909f56bfc062723c751e8b465ee728b)
Start importing Assets/Scenes/Starter.unity using Guid(32593397ad6480943bcec96318b02534) Importer(815301076,1909f56bfc062723c751e8b465ee728b)  -> (artifact id: 'fec7af33264295dec0d1bf6ac86711c1') in 0.033476 seconds 
========================================================================
Received Import Request.
  Time since last request: 10.383562 seconds.
  path: Assets/Scenes/Start.unity
  artifactKey: Guid(32593397ad6480943bcec96318b02534) Importer(815301076,1909f56bfc062723c751e8b465ee728b)
Start importing Assets/Scenes/Start.unity using Guid(32593397ad6480943bcec96318b02534) Importer(815301076,1909f56bfc062723c751e8b465ee728b)  -> (artifact id: 'd6accb46a87e278bd22e70117a1ed7d9') in 0.025525 seconds 
========================================================================
Received Import Request.
  Time since last request: 12.685724 seconds.
  path: Assets/Scenes/Main.unity
  artifactKey: Guid(82c15b0d1aae25144b9a9eaea73a804d) Importer(815301076,1909f56bfc062723c751e8b465ee728b)
Start importing Assets/Scenes/Main.unity using Guid(82c15b0d1aae25144b9a9eaea73a804d) Importer(815301076,1909f56bfc062723c751e8b465ee728b)  -> (artifact id: 'cda7c3c86cb954d05b1445068d467556') in 0.016968 seconds 
========================================================================
Received Prepare
Registering precompiled user dll's ...
Registered in 0.011398 seconds.
Begin MonoManager ReloadAssembly
Symbol file LoadedFromMemory doesn't match image D:\EduProject\My project (1)\Library\PackageCache\com.unity.visualscripting@1.7.6\Editor\VisualScripting.Core\Dependencies\YamlDotNet\Unity.VisualScripting.YamlDotNet.dll
Symbol file LoadedFromMemory is not a mono symbol file
Symbol file LoadedFromMemory doesn't match image D:\EduProject\My project (1)\Library\PackageCache\com.unity.visualscripting@1.7.6\Editor\VisualScripting.Core\Dependencies\DotNetZip\Unity.VisualScripting.IonicZip.dll
Native extension for WindowsStandalone target not found
Refreshing native plugins compatible for Editor in 0.68 ms, found 3 plugins.
Preloading 0 native plugins for Editor in 0.00 ms.
Mono: successfully reloaded assembly
- Completed reload, in  3.756 seconds
Domain Reload Profiling:
	ReloadAssembly (3757ms)
		BeginReloadAssembly (531ms)
			ExecutionOrderSort (0ms)
			DisableScriptedObjects (6ms)
			BackupInstance (0ms)
			ReleaseScriptingObjects (2ms)
			CreateAndSetChildDomain (106ms)
		EndReloadAssembly (2947ms)
			LoadAssemblies (445ms)
			RebuildTransferFunctionScriptingTraits (0ms)
			SetupTypeCache (861ms)
			ReleaseScriptCaches (3ms)
			RebuildScriptCaches (164ms)
			SetupLoadedEditorAssemblies (1455ms)
				LogAssemblyErrors (0ms)
				InitializePlatformSupportModulesInManaged (64ms)
				SetLoadedEditorAssemblies (1ms)
				RefreshPlugins (1ms)
				BeforeProcessingInitializeOnLoad (146ms)
				ProcessInitializeOnLoadAttributes (759ms)
				ProcessInitializeOnLoadMethodAttributes (440ms)
				AfterProcessingInitializeOnLoad (43ms)
				EditorAssembliesLoaded (0ms)
			ExecutionOrderSort2 (0ms)
			AwakeInstancesAfterBackupRestoration (31ms)
Platform modules already initialized, skipping
Refreshing native plugins compatible for Editor in 3.45 ms, found 3 plugins.
Preloading 0 native plugins for Editor in 0.00 ms.
Unloading 3950 Unused Serialized files (Serialized files now loaded: 0)
Unloading 16 unused Assets / (79.4 KB). Loaded Objects now: 4486.
Memory consumption went from 155.3 MB to 155.2 MB.
Total: 7.893100 ms (FindLiveObjects: 1.792400 ms CreateObjectMapping: 2.623400 ms MarkObjects: 3.383500 ms  DeleteObjects: 0.092100 ms)

AssetImportParameters requested are different than current active one (requested -> active):
  custom:video-decoder-ogg-theora: a1e56fd34408186e4bbccfd4996cb3dc -> 
  custom:container-muxer-webm: aa71ff27fc2769a1b78a27578f13a17b -> 
  custom:container-demuxer-webm: 4f35f7cbe854078d1ac9338744f61a02 -> 
  custom:video-encoder-webm-vp8: eb34c28f22e8b96e1ab97ce403110664 -> 
  custom:audio-encoder-webm-vorbis: bf7c407c2cedff20999df2af8eb42d56 -> 
  custom:framework-win-MediaFoundation: 216162199b28c13a410421893ffa2e32 -> 
  custom:container-demuxer-ogg: 62fdf1f143b41e24485cea50d1cbac27 -> 
  custom:video-decoder-webm-vp8: 9c59270c3fd7afecdb556c50c9e8de78 -> 
  custom:audio-decoder-ogg-vorbis: bf7c407c2cedff20999df2af8eb42d56 -> 
========================================================================
Received Import Request.
  Time since last request: 347.750784 seconds.
  path: Assets/Scripts/System/SceneManager.cs
  artifactKey: Guid(d5507dd2d56a3504586e645115e32a69) Importer(815301076,1909f56bfc062723c751e8b465ee728b)
Start importing Assets/Scripts/System/SceneManager.cs using Guid(d5507dd2d56a3504586e645115e32a69) Importer(815301076,1909f56bfc062723c751e8b465ee728b)  -> (artifact id: 'ce20139933534c52eaaaf825b258c738') in 0.061850 seconds 
========================================================================
Received Import Request.
  Time since last request: 157.370523 seconds.
  path: Assets/Scripts/System/SceneManager.cs
  artifactKey: Guid(d5507dd2d56a3504586e645115e32a69) Importer(815301076,1909f56bfc062723c751e8b465ee728b)
Start importing Assets/Scripts/System/SceneManager.cs using Guid(d5507dd2d56a3504586e645115e32a69) Importer(815301076,1909f56bfc062723c751e8b465ee728b)  -> (artifact id: 'e080306451acff5b756eb772bff56fb0') in 0.018865 seconds 
========================================================================
Received Import Request.
  Time since last request: 219.793654 seconds.
  path: Assets/Scripts/System/SceneManager.cs
  artifactKey: Guid(d5507dd2d56a3504586e645115e32a69) Importer(815301076,1909f56bfc062723c751e8b465ee728b)
Start importing Assets/Scripts/System/SceneManager.cs using Guid(d5507dd2d56a3504586e645115e32a69) Importer(815301076,1909f56bfc062723c751e8b465ee728b)  -> (artifact id: '770f50a12fd99623aa5a5de649387834') in 0.020421 seconds 
========================================================================
Received Import Request.
  Time since last request: 4.867378 seconds.
  path: Assets/Prefab/System/SceneManager.prefab
  artifactKey: Guid(44613a4419548a043aa5c35995b3f527) Importer(815301076,1909f56bfc062723c751e8b465ee728b)
Start importing Assets/Prefab/System/SceneManager.prefab using Guid(44613a4419548a043aa5c35995b3f527) Importer(815301076,1909f56bfc062723c751e8b465ee728b)  -> (artifact id: 'f6c5557f84f27ee878e994be9520dd65') in 0.165940 seconds 
========================================================================
Received Prepare
Registering precompiled user dll's ...
Registered in 0.022166 seconds.
Begin MonoManager ReloadAssembly
Symbol file LoadedFromMemory doesn't match image D:\EduProject\My project (1)\Library\PackageCache\com.unity.visualscripting@1.7.6\Editor\VisualScripting.Core\Dependencies\YamlDotNet\Unity.VisualScripting.YamlDotNet.dll
Symbol file LoadedFromMemory is not a mono symbol file
Symbol file LoadedFromMemory doesn't match image D:\EduProject\My project (1)\Library\PackageCache\com.unity.visualscripting@1.7.6\Editor\VisualScripting.Core\Dependencies\DotNetZip\Unity.VisualScripting.IonicZip.dll
Native extension for WindowsStandalone target not found
Refreshing native plugins compatible for Editor in 0.79 ms, found 3 plugins.
Preloading 0 native plugins for Editor in 0.00 ms.
Mono: successfully reloaded assembly
- Completed reload, in  4.489 seconds
Domain Reload Profiling:
	ReloadAssembly (4492ms)
		BeginReloadAssembly (937ms)
			ExecutionOrderSort (0ms)
			DisableScriptedObjects (19ms)
			BackupInstance (0ms)
			ReleaseScriptingObjects (0ms)
			CreateAndSetChildDomain (167ms)
		EndReloadAssembly (2747ms)
			LoadAssemblies (782ms)
			RebuildTransferFunctionScriptingTraits (0ms)
			SetupTypeCache (973ms)
			ReleaseScriptCaches (4ms)
			RebuildScriptCaches (102ms)
			SetupLoadedEditorAssemblies (1188ms)
				LogAssemblyErrors (0ms)
				InitializePlatformSupportModulesInManaged (44ms)
				SetLoadedEditorAssemblies (1ms)
				RefreshPlugins (1ms)
				BeforeProcessingInitializeOnLoad (171ms)
				ProcessInitializeOnLoadAttributes (621ms)
				ProcessInitializeOnLoadMethodAttributes (268ms)
				AfterProcessingInitializeOnLoad (83ms)
				EditorAssembliesLoaded (0ms)
			ExecutionOrderSort2 (0ms)
			AwakeInstancesAfterBackupRestoration (38ms)
Platform modules already initialized, skipping
Refreshing native plugins compatible for Editor in 5.02 ms, found 3 plugins.
Preloading 0 native plugins for Editor in 0.00 ms.
Unloading 3951 Unused Serialized files (Serialized files now loaded: 0)
Unloading 16 unused Assets / (79.5 KB). Loaded Objects now: 4490.
Memory consumption went from 155.3 MB to 155.2 MB.
Total: 8.691500 ms (FindLiveObjects: 0.720500 ms CreateObjectMapping: 0.995100 ms MarkObjects: 6.619300 ms  DeleteObjects: 0.134000 ms)

AssetImportParameters requested are different than current active one (requested -> active):
  custom:video-decoder-ogg-theora: a1e56fd34408186e4bbccfd4996cb3dc -> 
  custom:container-muxer-webm: aa71ff27fc2769a1b78a27578f13a17b -> 
  custom:container-demuxer-webm: 4f35f7cbe854078d1ac9338744f61a02 -> 
  custom:video-encoder-webm-vp8: eb34c28f22e8b96e1ab97ce403110664 -> 
  custom:audio-encoder-webm-vorbis: bf7c407c2cedff20999df2af8eb42d56 -> 
  custom:framework-win-MediaFoundation: 216162199b28c13a410421893ffa2e32 -> 
  custom:container-demuxer-ogg: 62fdf1f143b41e24485cea50d1cbac27 -> 
  custom:video-decoder-webm-vp8: 9c59270c3fd7afecdb556c50c9e8de78 -> 
  custom:audio-decoder-ogg-vorbis: bf7c407c2cedff20999df2af8eb42d56 -> 
========================================================================
Received Import Request.
  Time since last request: 80.014452 seconds.
  path: Assets/Prefab/System/SceneManager.prefab
  artifactKey: Guid(44613a4419548a043aa5c35995b3f527) Importer(815301076,1909f56bfc062723c751e8b465ee728b)
Start importing Assets/Prefab/System/SceneManager.prefab using Guid(44613a4419548a043aa5c35995b3f527) Importer(815301076,1909f56bfc062723c751e8b465ee728b)  -> (artifact id: '83b9cc56255d00a563e52cd51ce8888f') in 0.058190 seconds 
========================================================================
Received Import Request.
  Time since last request: 23.087755 seconds.
  path: Assets/Scenes/Start.unity
  artifactKey: Guid(32593397ad6480943bcec96318b02534) Importer(815301076,1909f56bfc062723c751e8b465ee728b)
Start importing Assets/Scenes/Start.unity using Guid(32593397ad6480943bcec96318b02534) Importer(815301076,1909f56bfc062723c751e8b465ee728b)  -> (artifact id: 'a0e7fbf16d38432c0569870cb8f3ee37') in 0.008331 seconds 
========================================================================
Received Import Request.
  Time since last request: 129.470397 seconds.
  path: Assets/Scripts/System/Starter.cs
  artifactKey: Guid(474f160759bfb7d4aa0a58a9eb5446c7) Importer(815301076,1909f56bfc062723c751e8b465ee728b)
Start importing Assets/Scripts/System/Starter.cs using Guid(474f160759bfb7d4aa0a58a9eb5446c7) Importer(815301076,1909f56bfc062723c751e8b465ee728b)  -> (artifact id: '52d23e29f9eafab21e464b7adf0e6e45') in 0.032729 seconds 
========================================================================
Received Import Request.
  Time since last request: 2.803866 seconds.
  path: Assets/Scripts/System/SceneManager.cs
  artifactKey: Guid(d5507dd2d56a3504586e645115e32a69) Importer(815301076,1909f56bfc062723c751e8b465ee728b)
Start importing Assets/Scripts/System/SceneManager.cs using Guid(d5507dd2d56a3504586e645115e32a69) Importer(815301076,1909f56bfc062723c751e8b465ee728b)  -> (artifact id: '50879e90f04b4fd5d5c4f298ad4c7a73') in 0.012274 seconds 
========================================================================
Received Import Request.
  Time since last request: 0.568327 seconds.
  path: Assets/Scripts/System/InputManager.cs
  artifactKey: Guid(b4924c6696fc8dc4da02ee0a0b1267c7) Importer(815301076,1909f56bfc062723c751e8b465ee728b)
Start importing Assets/Scripts/System/InputManager.cs using Guid(b4924c6696fc8dc4da02ee0a0b1267c7) Importer(815301076,1909f56bfc062723c751e8b465ee728b)  -> (artifact id: 'a510cce5c1e037fd15671cc0580d4f39') in 0.008448 seconds 
========================================================================
Received Prepare
Registering precompiled user dll's ...
Registered in 0.006735 seconds.
Begin MonoManager ReloadAssembly
Symbol file LoadedFromMemory doesn't match image D:\EduProject\My project (1)\Library\PackageCache\com.unity.visualscripting@1.7.6\Editor\VisualScripting.Core\Dependencies\YamlDotNet\Unity.VisualScripting.YamlDotNet.dll
Symbol file LoadedFromMemory is not a mono symbol file
Symbol file LoadedFromMemory doesn't match image D:\EduProject\My project (1)\Library\PackageCache\com.unity.visualscripting@1.7.6\Editor\VisualScripting.Core\Dependencies\DotNetZip\Unity.VisualScripting.IonicZip.dll
Native extension for WindowsStandalone target not found
Refreshing native plugins compatible for Editor in 1.22 ms, found 3 plugins.
Preloading 0 native plugins for Editor in 0.00 ms.
Mono: successfully reloaded assembly
- Completed reload, in  5.852 seconds
Domain Reload Profiling:
	ReloadAssembly (5858ms)
		BeginReloadAssembly (939ms)
			ExecutionOrderSort (0ms)
			DisableScriptedObjects (19ms)
			BackupInstance (0ms)
			ReleaseScriptingObjects (0ms)
			CreateAndSetChildDomain (149ms)
		EndReloadAssembly (4396ms)
			LoadAssemblies (777ms)
			RebuildTransferFunctionScriptingTraits (0ms)
			SetupTypeCache (1498ms)
			ReleaseScriptCaches (9ms)
			RebuildScriptCaches (313ms)
			SetupLoadedEditorAssemblies (1690ms)
				LogAssemblyErrors (0ms)
				InitializePlatformSupportModulesInManaged (80ms)
				SetLoadedEditorAssemblies (1ms)
				RefreshPlugins (1ms)
				BeforeProcessingInitializeOnLoad (306ms)
				ProcessInitializeOnLoadAttributes (701ms)
				ProcessInitializeOnLoadMethodAttributes (414ms)
				AfterProcessingInitializeOnLoad (185ms)
				EditorAssembliesLoaded (3ms)
			ExecutionOrderSort2 (0ms)
			AwakeInstancesAfterBackupRestoration (120ms)
Platform modules already initialized, skipping
Refreshing native plugins compatible for Editor in 7.82 ms, found 3 plugins.
Preloading 0 native plugins for Editor in 0.00 ms.
Unloading 3951 Unused Serialized files (Serialized files now loaded: 0)
Unloading 16 unused Assets / (79.3 KB). Loaded Objects now: 4493.
Memory consumption went from 155.3 MB to 155.2 MB.
Total: 3.166100 ms (FindLiveObjects: 0.335600 ms CreateObjectMapping: 0.254800 ms MarkObjects: 2.402800 ms  DeleteObjects: 0.171200 ms)

AssetImportParameters requested are different than current active one (requested -> active):
  custom:video-decoder-ogg-theora: a1e56fd34408186e4bbccfd4996cb3dc -> 
  custom:container-muxer-webm: aa71ff27fc2769a1b78a27578f13a17b -> 
  custom:container-demuxer-webm: 4f35f7cbe854078d1ac9338744f61a02 -> 
  custom:video-encoder-webm-vp8: eb34c28f22e8b96e1ab97ce403110664 -> 
  custom:audio-encoder-webm-vorbis: bf7c407c2cedff20999df2af8eb42d56 -> 
  custom:framework-win-MediaFoundation: 216162199b28c13a410421893ffa2e32 -> 
  custom:container-demuxer-ogg: 62fdf1f143b41e24485cea50d1cbac27 -> 
  custom:video-decoder-webm-vp8: 9c59270c3fd7afecdb556c50c9e8de78 -> 
  custom:audio-decoder-ogg-vorbis: bf7c407c2cedff20999df2af8eb42d56 -> 
